Generalplus u'nSP Assembler - Ver. 1.14.13.0
              Listing File Has Been Relocated
                            	
                            	// Resource Table
                            	// Created by IDE, Do not modify this table
                            	
00008026                    	.TEXT
                            	.public _RES_Table;
                            	.external __RES_D1_24K_sa
                            	.public _RES_D1_24K_SA;
                            	.external __RES_D1_24K_ea;
                            	.public _RES_D1_24K_EA;
                            	.external __RES_WW_24K_sa
                            	.public _RES_WW_24K_SA;
                            	.external __RES_WW_24K_ea;
                            	.public _RES_WW_24K_EA;
                            	
                            	
                            	_RES_Table:
                            	
                            	_RES_D1_24K_SA:
00008026 A4 BE 00 00        		.DW offset __RES_D1_24K_sa,seg __RES_D1_24K_sa;
                            	_RES_D1_24K_EA:
00008028 9F E4 00 00        		.DW offset __RES_D1_24K_ea,seg __RES_D1_24K_ea;
                            	
                            	_RES_WW_24K_SA:
0000802A E1 93 00 00        		.DW offset __RES_WW_24K_sa,seg __RES_WW_24K_sa;
                            	_RES_WW_24K_EA:
0000802C A4 BE 00 00        		.DW offset __RES_WW_24K_ea,seg __RES_WW_24K_ea;
                            	
                            	
                            	// End Table
                            	.PUBLIC T_SACM_A2000_SpeechTable
                            	T_SACM_A2000_SpeechTable:
0000802E 26 80              	.DW _RES_D1_24K_SA  //0
0000802F 2A 80              	.DW _RES_WW_24K_SA  //1
0 error(s), 0 warning(s).

